<?xml version="1.0" encoding="utf-8"?>
<!DOCTYPE coverage SYSTEM "http://cobertura.sourceforge.net/xml/coverage-04.dtd">
<coverage line-rate="0.408163265306122" branch-rate="1" lines-covered="40" lines-valid="98" branches-covered="0" branches-valid="0" complexity="28" version="0" timestamp="1700519006">
  <sources>
    <source>C:\</source>
  </sources>
  <packages>
    <package name="Application" line-rate="0.209677419354839" branch-rate="1" complexity="17">
      <classes>
        <class name="Application.Commands.Dogs.AddDogCommand" filename="C:\Nemanja\Private\Projekti\NBI-Handelsakademin\Kurs\KURS DELAR\6 - API\Code Along Clean API\Clean-API\Application\Commands\Dogs\AddDog\AddDogCommand.cs" line-rate="0" branch-rate="1" complexity="2">
          <methods>
            <method name="get_NewDog" signature="()" line-rate="0" branch-rate="1" complexity="1">
              <lines>
                <line number="14" hits="0" branch="false" />
              </lines>
            </method>
            <method name=".ctor" signature="(...)" line-rate="0" branch-rate="1" complexity="1">
              <lines>
                <line number="9" hits="0" branch="false" />
                <line number="10" hits="0" branch="false" />
                <line number="11" hits="0" branch="false" />
                <line number="12" hits="0" branch="false" />
              </lines>
            </method>
          </methods>
          <lines>
            <line number="9" hits="0" branch="false" />
            <line number="10" hits="0" branch="false" />
            <line number="11" hits="0" branch="false" />
            <line number="12" hits="0" branch="false" />
            <line number="14" hits="0" branch="false" />
          </lines>
        </class>
        <class name="Application.Commands.Dogs.AddDogCommandHandler" filename="C:\Nemanja\Private\Projekti\NBI-Handelsakademin\Kurs\KURS DELAR\6 - API\Code Along Clean API\Clean-API\Application\Commands\Dogs\AddDog\AddDogCommandHandler.cs" line-rate="0" branch-rate="1" complexity="2">
          <methods>
            <method name="Handle" signature="(...)" line-rate="0" branch-rate="1" complexity="1">
              <lines>
                <line number="18" hits="0" branch="false" />
                <line number="19" hits="0" branch="false" />
                <line number="20" hits="0" branch="false" />
                <line number="21" hits="0" branch="false" />
                <line number="22" hits="0" branch="false" />
                <line number="23" hits="0" branch="false" />
                <line number="25" hits="0" branch="false" />
                <line number="27" hits="0" branch="false" />
                <line number="28" hits="0" branch="false" />
              </lines>
            </method>
            <method name=".ctor" signature="(...)" line-rate="0" branch-rate="1" complexity="1">
              <lines>
                <line number="12" hits="0" branch="false" />
                <line number="13" hits="0" branch="false" />
                <line number="14" hits="0" branch="false" />
                <line number="15" hits="0" branch="false" />
              </lines>
            </method>
          </methods>
          <lines>
            <line number="12" hits="0" branch="false" />
            <line number="13" hits="0" branch="false" />
            <line number="14" hits="0" branch="false" />
            <line number="15" hits="0" branch="false" />
            <line number="18" hits="0" branch="false" />
            <line number="19" hits="0" branch="false" />
            <line number="20" hits="0" branch="false" />
            <line number="21" hits="0" branch="false" />
            <line number="22" hits="0" branch="false" />
            <line number="23" hits="0" branch="false" />
            <line number="25" hits="0" branch="false" />
            <line number="27" hits="0" branch="false" />
            <line number="28" hits="0" branch="false" />
          </lines>
        </class>
        <class name="Application.Commands.Dogs.UpdateDog.UpdateDogByIdCommand" filename="C:\Nemanja\Private\Projekti\NBI-Handelsakademin\Kurs\KURS DELAR\6 - API\Code Along Clean API\Clean-API\Application\Commands\Dogs\UpdateDog\UpdateDogByIdCommand.cs" line-rate="0" branch-rate="1" complexity="3">
          <methods>
            <method name="get_UpdatedDog" signature="()" line-rate="0" branch-rate="1" complexity="1">
              <lines>
                <line number="15" hits="0" branch="false" />
              </lines>
            </method>
            <method name="get_Id" signature="()" line-rate="0" branch-rate="1" complexity="1">
              <lines>
                <line number="16" hits="0" branch="false" />
              </lines>
            </method>
            <method name=".ctor" signature="(...)" line-rate="0" branch-rate="1" complexity="1">
              <lines>
                <line number="9" hits="0" branch="false" />
                <line number="10" hits="0" branch="false" />
                <line number="11" hits="0" branch="false" />
                <line number="12" hits="0" branch="false" />
                <line number="13" hits="0" branch="false" />
              </lines>
            </method>
          </methods>
          <lines>
            <line number="9" hits="0" branch="false" />
            <line number="10" hits="0" branch="false" />
            <line number="11" hits="0" branch="false" />
            <line number="12" hits="0" branch="false" />
            <line number="13" hits="0" branch="false" />
            <line number="15" hits="0" branch="false" />
            <line number="16" hits="0" branch="false" />
          </lines>
        </class>
        <class name="Application.Commands.Dogs.UpdateDog.UpdateDogByIdCommandHandler" filename="C:\Nemanja\Private\Projekti\NBI-Handelsakademin\Kurs\KURS DELAR\6 - API\Code Along Clean API\Clean-API\Application\Commands\Dogs\UpdateDog\UpdateDogByIdCommandHandler.cs" line-rate="0" branch-rate="1" complexity="2">
          <methods>
            <method name="Handle" signature="(...)" line-rate="0" branch-rate="1" complexity="1">
              <lines>
                <line number="16" hits="0" branch="false" />
                <line number="17" hits="0" branch="false" />
                <line number="19" hits="0" branch="false" />
                <line number="21" hits="0" branch="false" />
                <line number="22" hits="0" branch="false" />
              </lines>
            </method>
            <method name=".ctor" signature="(...)" line-rate="0" branch-rate="1" complexity="1">
              <lines>
                <line number="11" hits="0" branch="false" />
                <line number="12" hits="0" branch="false" />
                <line number="13" hits="0" branch="false" />
                <line number="14" hits="0" branch="false" />
              </lines>
            </method>
          </methods>
          <lines>
            <line number="11" hits="0" branch="false" />
            <line number="12" hits="0" branch="false" />
            <line number="13" hits="0" branch="false" />
            <line number="14" hits="0" branch="false" />
            <line number="16" hits="0" branch="false" />
            <line number="17" hits="0" branch="false" />
            <line number="19" hits="0" branch="false" />
            <line number="21" hits="0" branch="false" />
            <line number="22" hits="0" branch="false" />
          </lines>
        </class>
        <class name="Application.DependencyInjection" filename="C:\Nemanja\Private\Projekti\NBI-Handelsakademin\Kurs\KURS DELAR\6 - API\Code Along Clean API\Clean-API\Application\DependencyInjection.cs" line-rate="0" branch-rate="1" complexity="1">
          <methods>
            <method name="AddApplication" signature="(...)" line-rate="0" branch-rate="1" complexity="1">
              <lines>
                <line number="9" hits="0" branch="false" />
                <line number="10" hits="0" branch="false" />
                <line number="11" hits="0" branch="false" />
                <line number="13" hits="0" branch="false" />
                <line number="15" hits="0" branch="false" />
                <line number="16" hits="0" branch="false" />
              </lines>
            </method>
          </methods>
          <lines>
            <line number="9" hits="0" branch="false" />
            <line number="10" hits="0" branch="false" />
            <line number="11" hits="0" branch="false" />
            <line number="13" hits="0" branch="false" />
            <line number="15" hits="0" branch="false" />
            <line number="16" hits="0" branch="false" />
          </lines>
        </class>
        <class name="Application.Dtos.DogDto" filename="C:\Nemanja\Private\Projekti\NBI-Handelsakademin\Kurs\KURS DELAR\6 - API\Code Along Clean API\Clean-API\Application\Dtos\DogDto.cs" line-rate="0" branch-rate="1" complexity="1">
          <methods>
            <method name="get_Name" signature="()" line-rate="0" branch-rate="1" complexity="1">
              <lines>
                <line number="11" hits="0" branch="false" />
              </lines>
            </method>
          </methods>
          <lines>
            <line number="11" hits="0" branch="false" />
          </lines>
        </class>
        <class name="Application.Queries.Dogs.GetAllDogsQueryHandler" filename="C:\Nemanja\Private\Projekti\NBI-Handelsakademin\Kurs\KURS DELAR\6 - API\Code Along Clean API\Clean-API\Application\Queries\Dogs\GetAll\GetAllDogsQueryHandler.cs" line-rate="0" branch-rate="1" complexity="2">
          <methods>
            <method name="Handle" signature="(...)" line-rate="0" branch-rate="1" complexity="1">
              <lines>
                <line number="17" hits="0" branch="false" />
                <line number="18" hits="0" branch="false" />
                <line number="19" hits="0" branch="false" />
                <line number="20" hits="0" branch="false" />
              </lines>
            </method>
            <method name=".ctor" signature="(...)" line-rate="0" branch-rate="1" complexity="1">
              <lines>
                <line number="12" hits="0" branch="false" />
                <line number="13" hits="0" branch="false" />
                <line number="14" hits="0" branch="false" />
                <line number="15" hits="0" branch="false" />
              </lines>
            </method>
          </methods>
          <lines>
            <line number="12" hits="0" branch="false" />
            <line number="13" hits="0" branch="false" />
            <line number="14" hits="0" branch="false" />
            <line number="15" hits="0" branch="false" />
            <line number="17" hits="0" branch="false" />
            <line number="18" hits="0" branch="false" />
            <line number="19" hits="0" branch="false" />
            <line number="20" hits="0" branch="false" />
          </lines>
        </class>
        <class name="Application.Queries.Dogs.GetById.GetDogByIdQuery" filename="C:\Nemanja\Private\Projekti\NBI-Handelsakademin\Kurs\KURS DELAR\6 - API\Code Along Clean API\Clean-API\Application\Queries\Dogs\GetById\GetDogByIdQuery.cs" line-rate="1" branch-rate="1" complexity="2">
          <methods>
            <method name="get_Id" signature="()" line-rate="1" branch-rate="1" complexity="1">
              <lines>
                <line number="13" hits="8" branch="false" />
              </lines>
            </method>
            <method name=".ctor" signature="(...)" line-rate="1" branch-rate="1" complexity="1">
              <lines>
                <line number="8" hits="2" branch="false" />
                <line number="9" hits="2" branch="false" />
                <line number="10" hits="2" branch="false" />
                <line number="11" hits="2" branch="false" />
              </lines>
            </method>
          </methods>
          <lines>
            <line number="8" hits="2" branch="false" />
            <line number="9" hits="2" branch="false" />
            <line number="10" hits="2" branch="false" />
            <line number="11" hits="2" branch="false" />
            <line number="13" hits="8" branch="false" />
          </lines>
        </class>
        <class name="Application.Queries.Dogs.GetById.GetDogByIdQueryHandler" filename="C:\Nemanja\Private\Projekti\NBI-Handelsakademin\Kurs\KURS DELAR\6 - API\Code Along Clean API\Clean-API\Application\Queries\Dogs\GetById\GetDogByIdQueryHandler.cs" line-rate="1" branch-rate="1" complexity="2">
          <methods>
            <method name="Handle" signature="(...)" line-rate="1" branch-rate="1" complexity="1">
              <lines>
                <line number="17" hits="2" branch="false" />
                <line number="18" hits="10" branch="false" />
                <line number="19" hits="2" branch="false" />
                <line number="20" hits="2" branch="false" />
              </lines>
            </method>
            <method name=".ctor" signature="(...)" line-rate="1" branch-rate="1" complexity="1">
              <lines>
                <line number="11" hits="2" branch="false" />
                <line number="12" hits="2" branch="false" />
                <line number="13" hits="2" branch="false" />
                <line number="14" hits="2" branch="false" />
              </lines>
            </method>
          </methods>
          <lines>
            <line number="11" hits="2" branch="false" />
            <line number="12" hits="2" branch="false" />
            <line number="13" hits="2" branch="false" />
            <line number="14" hits="2" branch="false" />
            <line number="17" hits="2" branch="false" />
            <line number="18" hits="10" branch="false" />
            <line number="19" hits="2" branch="false" />
            <line number="20" hits="2" branch="false" />
          </lines>
        </class>
      </classes>
    </package>
    <package name="Domain" line-rate="0.4" branch-rate="1" complexity="3">
      <classes>
        <class name="Domain.Models.Animal.AnimalModel" filename="C:\Nemanja\Private\Projekti\NBI-Handelsakademin\Kurs\KURS DELAR\6 - API\Code Along Clean API\Clean-API\Domain\Models\Animal\AnimalModel.cs" line-rate="1" branch-rate="1" complexity="2">
          <methods>
            <method name="get_Id" signature="()" line-rate="1" branch-rate="1" complexity="1">
              <lines>
                <line number="5" hits="13" branch="false" />
              </lines>
            </method>
            <method name="get_Name" signature="()" line-rate="1" branch-rate="1" complexity="1">
              <lines>
                <line number="6" hits="8" branch="false" />
              </lines>
            </method>
          </methods>
          <lines>
            <line number="5" hits="13" branch="false" />
            <line number="6" hits="8" branch="false" />
          </lines>
        </class>
        <class name="Domain.Models.Dog" filename="C:\Nemanja\Private\Projekti\NBI-Handelsakademin\Kurs\KURS DELAR\6 - API\Code Along Clean API\Clean-API\Domain\Models\Dog.cs" line-rate="0" branch-rate="1" complexity="1">
          <methods>
            <method name="Bark" signature="()" line-rate="0" branch-rate="1" complexity="1">
              <lines>
                <line number="8" hits="0" branch="false" />
                <line number="9" hits="0" branch="false" />
                <line number="10" hits="0" branch="false" />
              </lines>
            </method>
          </methods>
          <lines>
            <line number="8" hits="0" branch="false" />
            <line number="9" hits="0" branch="false" />
            <line number="10" hits="0" branch="false" />
          </lines>
        </class>
      </classes>
    </package>
    <package name="Infrastructure" line-rate="0.615384615384615" branch-rate="1" complexity="4">
      <classes>
        <class name="Infrastructure.Database.MockDatabase" filename="C:\Nemanja\Private\Projekti\NBI-Handelsakademin\Kurs\KURS DELAR\6 - API\Code Along Clean API\Clean-API\Infrastructure\Database\MockDatabase.cs" line-rate="0.888888888888889" branch-rate="1" complexity="3">
          <methods>
            <method name="get_Dogs" signature="()" line-rate="1" branch-rate="1" complexity="1">
              <lines>
                <line number="9" hits="6" branch="false" />
              </lines>
            </method>
            <method name="set_Dogs" signature="(...)" line-rate="0" branch-rate="1" complexity="1">
              <lines>
                <line number="10" hits="0" branch="false" />
              </lines>
            </method>
            <method name=".cctor" signature="()" line-rate="1" branch-rate="1" complexity="1">
              <lines>
                <line number="13" hits="1" branch="false" />
                <line number="14" hits="1" branch="false" />
                <line number="15" hits="1" branch="false" />
                <line number="16" hits="1" branch="false" />
                <line number="17" hits="1" branch="false" />
                <line number="18" hits="1" branch="false" />
                <line number="19" hits="1" branch="false" />
              </lines>
            </method>
          </methods>
          <lines>
            <line number="9" hits="6" branch="false" />
            <line number="10" hits="0" branch="false" />
            <line number="13" hits="1" branch="false" />
            <line number="14" hits="1" branch="false" />
            <line number="15" hits="1" branch="false" />
            <line number="16" hits="1" branch="false" />
            <line number="17" hits="1" branch="false" />
            <line number="18" hits="1" branch="false" />
            <line number="19" hits="1" branch="false" />
          </lines>
        </class>
        <class name="Infrastructure.DependencyInjection" filename="C:\Nemanja\Private\Projekti\NBI-Handelsakademin\Kurs\KURS DELAR\6 - API\Code Along Clean API\Clean-API\Infrastructure\DependencyInjection.cs" line-rate="0" branch-rate="1" complexity="1">
          <methods>
            <method name="AddInfrastructure" signature="(...)" line-rate="0" branch-rate="1" complexity="1">
              <lines>
                <line number="9" hits="0" branch="false" />
                <line number="10" hits="0" branch="false" />
                <line number="11" hits="0" branch="false" />
                <line number="12" hits="0" branch="false" />
              </lines>
            </method>
          </methods>
          <lines>
            <line number="9" hits="0" branch="false" />
            <line number="10" hits="0" branch="false" />
            <line number="11" hits="0" branch="false" />
            <line number="12" hits="0" branch="false" />
          </lines>
        </class>
      </classes>
    </package>
    <package name="Test" line-rate="0.944444444444444" branch-rate="1" complexity="4">
      <classes>
        <class name="AutoGeneratedProgram" filename="C:\Users\neman\.nuget\packages\microsoft.net.test.sdk\17.7.1\build\netcoreapp3.1\Microsoft.NET.Test.Sdk.Program.cs" line-rate="0" branch-rate="1" complexity="1">
          <methods>
            <method name="Main" signature="(...)" line-rate="0" branch-rate="1" complexity="1">
              <lines>
                <line number="4" hits="0" branch="false" />
              </lines>
            </method>
          </methods>
          <lines>
            <line number="4" hits="0" branch="false" />
          </lines>
        </class>
        <class name="Test.DogTests.QueryTest.GetDogByIdTests" filename="C:\Nemanja\Private\Projekti\NBI-Handelsakademin\Kurs\KURS DELAR\6 - API\Code Along Clean API\Clean-API\Test\DogTests\QueryTest\GetDogByIdTests.cs" line-rate="1" branch-rate="1" complexity="3">
          <methods>
            <method name="SetUp" signature="()" line-rate="1" branch-rate="1" complexity="1">
              <lines>
                <line number="14" hits="2" branch="false" />
                <line number="16" hits="2" branch="false" />
                <line number="17" hits="2" branch="false" />
                <line number="18" hits="2" branch="false" />
              </lines>
            </method>
            <method name="Handle_InvalidId_ReturnsNull" signature="()" line-rate="1" branch-rate="1" complexity="1">
              <lines>
                <line number="38" hits="1" branch="false" />
                <line number="40" hits="1" branch="false" />
                <line number="42" hits="1" branch="false" />
                <line number="45" hits="1" branch="false" />
                <line number="48" hits="1" branch="false" />
                <line number="49" hits="1" branch="false" />
              </lines>
            </method>
            <method name="Handle_ValidId_ReturnsCorrectDog" signature="()" line-rate="1" branch-rate="1" complexity="1">
              <lines>
                <line number="22" hits="1" branch="false" />
                <line number="24" hits="1" branch="false" />
                <line number="26" hits="1" branch="false" />
                <line number="29" hits="1" branch="false" />
                <line number="32" hits="1" branch="false" />
                <line number="33" hits="1" branch="false" />
                <line number="34" hits="1" branch="false" />
              </lines>
            </method>
          </methods>
          <lines>
            <line number="14" hits="2" branch="false" />
            <line number="16" hits="2" branch="false" />
            <line number="17" hits="2" branch="false" />
            <line number="18" hits="2" branch="false" />
            <line number="22" hits="1" branch="false" />
            <line number="24" hits="1" branch="false" />
            <line number="26" hits="1" branch="false" />
            <line number="29" hits="1" branch="false" />
            <line number="32" hits="1" branch="false" />
            <line number="33" hits="1" branch="false" />
            <line number="34" hits="1" branch="false" />
            <line number="38" hits="1" branch="false" />
            <line number="40" hits="1" branch="false" />
            <line number="42" hits="1" branch="false" />
            <line number="45" hits="1" branch="false" />
            <line number="48" hits="1" branch="false" />
            <line number="49" hits="1" branch="false" />
          </lines>
        </class>
      </classes>
    </package>
  </packages>
</coverage>